<?xml version="1.0" encoding="UTF-8"?>
<coverage generated="1596333647035" clover="3.2.0">
  <project timestamp="1596333647035" name="All files">
    <metrics statements="48" coveredstatements="32" conditionals="28" coveredconditionals="20" methods="13" coveredmethods="10" elements="89" coveredelements="62" complexity="0" loc="48" ncloc="48" packages="1" files="3" classes="3"/>
    <file name="KeyDisplay.vue" path="/Users/sullis7/Documents/Projects/Personal/vue-keyboard/src/components/KeyDisplay.vue">
      <metrics statements="15" coveredstatements="14" conditionals="22" coveredconditionals="20" methods="3" coveredmethods="3"/>
      <line num="25" count="1" type="stmt"/>
      <line num="26" count="1" type="stmt"/>
      <line num="35" count="6" type="stmt"/>
      <line num="39" count="83" type="stmt"/>
      <line num="41" count="100" type="stmt"/>
      <line num="43" count="1" type="stmt"/>
      <line num="45" count="1" type="stmt"/>
      <line num="47" count="1" type="stmt"/>
      <line num="49" count="1" type="stmt"/>
      <line num="52" count="2" type="stmt"/>
      <line num="55" count="2" type="stmt"/>
      <line num="58" count="2" type="stmt"/>
      <line num="61" count="0" type="stmt"/>
      <line num="71" count="10" type="stmt"/>
      <line num="73" count="80" type="stmt"/>
    </file>
    <file name="KeyboardDisplay.vue" path="/Users/sullis7/Documents/Projects/Personal/vue-keyboard/src/components/KeyboardDisplay.vue">
      <metrics statements="19" coveredstatements="4" conditionals="6" coveredconditionals="0" methods="4" coveredmethods="1"/>
      <line num="30" count="1" type="stmt"/>
      <line num="31" count="1" type="stmt"/>
      <line num="33" count="1" type="stmt"/>
      <line num="43" count="1" type="stmt"/>
      <line num="51" count="0" type="stmt"/>
      <line num="54" count="0" type="stmt"/>
      <line num="55" count="0" type="stmt"/>
      <line num="58" count="0" type="stmt"/>
      <line num="59" count="0" type="cond" truecount="0" falsecount="2"/>
      <line num="60" count="0" type="cond" truecount="0" falsecount="2"/>
      <line num="61" count="0" type="stmt"/>
      <line num="62" count="0" type="stmt"/>
      <line num="64" count="0" type="stmt"/>
      <line num="65" count="0" type="stmt"/>
      <line num="68" count="0" type="stmt"/>
      <line num="70" count="0" type="stmt"/>
      <line num="72" count="0" type="cond" truecount="0" falsecount="2"/>
      <line num="73" count="0" type="stmt"/>
      <line num="79" count="0" type="stmt"/>
    </file>
    <file name="helperKeys.ts" path="/Users/sullis7/Documents/Projects/Personal/vue-keyboard/src/components/helperKeys.ts">
      <metrics statements="14" coveredstatements="14" conditionals="0" coveredconditionals="0" methods="6" coveredmethods="6"/>
      <line num="1" count="1" type="stmt"/>
      <line num="108" count="1" type="stmt"/>
      <line num="109" count="15" type="stmt"/>
      <line num="112" count="1" type="stmt"/>
      <line num="113" count="15" type="stmt"/>
      <line num="116" count="1" type="stmt"/>
      <line num="117" count="15" type="stmt"/>
      <line num="120" count="1" type="stmt"/>
      <line num="121" count="14" type="stmt"/>
      <line num="125" count="1" type="stmt"/>
      <line num="126" count="14" type="stmt"/>
      <line num="130" count="1" type="stmt"/>
      <line num="131" count="10" type="stmt"/>
      <line num="135" count="1" type="stmt"/>
    </file>
  </project>
</coverage>
