{"/Users/sullis7/Documents/Projects/Personal/vue-keyboard/src/components/KeyDisplay.vue": {"path":"/Users/sullis7/Documents/Projects/Personal/vue-keyboard/src/components/KeyDisplay.vue","statementMap":{"0":{"start":{"line":25,"column":0},"end":{"line":25,"column":null}},"1":{"start":{"line":26,"column":0},"end":{"line":26,"column":null}},"2":{"start":{"line":35,"column":0},"end":{"line":35,"column":null}},"3":{"start":{"line":39,"column":0},"end":{"line":39,"column":null}},"4":{"start":{"line":41,"column":0},"end":{"line":41,"column":null}},"5":{"start":{"line":43,"column":0},"end":{"line":43,"column":null}},"6":{"start":{"line":45,"column":0},"end":{"line":45,"column":null}},"7":{"start":{"line":47,"column":0},"end":{"line":47,"column":null}},"8":{"start":{"line":49,"column":0},"end":{"line":49,"column":null}},"9":{"start":{"line":52,"column":0},"end":{"line":52,"column":null}},"10":{"start":{"line":55,"column":0},"end":{"line":55,"column":null}},"11":{"start":{"line":58,"column":0},"end":{"line":58,"column":null}},"12":{"start":{"line":61,"column":0},"end":{"line":61,"column":null}},"13":{"start":{"line":71,"column":0},"end":{"line":71,"column":null}},"14":{"start":{"line":73,"column":0},"end":{"line":73,"column":null}}},"fnMap":{"0":{"name":"(anonymous_1)","decl":{"start":{"line":35,"column":0},"end":{"line":35,"column":null}},"loc":{"start":{"line":35,"column":0},"end":{"line":35,"column":null}}},"1":{"name":"(anonymous_2)","decl":{"start":{"line":39,"column":0},"end":{"line":39,"column":null}},"loc":{"start":{"line":39,"column":0},"end":{"line":39,"column":null}}},"2":{"name":"(anonymous_3)","decl":{"start":{"line":40,"column":0},"end":{"line":40,"column":null}},"loc":{"start":{"line":40,"column":0},"end":{"line":75,"column":null}}}},"branchMap":{"0":{"loc":{"start":{"line":42,"column":0},"end":{"line":43,"column":null}},"type":"switch","locations":[{"start":{"line":42,"column":0},"end":{"line":43,"column":null}},{"start":{"line":44,"column":0},"end":{"line":45,"column":null}},{"start":{"line":46,"column":0},"end":{"line":47,"column":null}},{"start":{"line":48,"column":0},"end":{"line":49,"column":null}},{"start":{"line":50,"column":0},"end":{"line":50,"column":null}},{"start":{"line":51,"column":0},"end":{"line":52,"column":null}},{"start":{"line":53,"column":0},"end":{"line":53,"column":null}},{"start":{"line":54,"column":0},"end":{"line":55,"column":null}},{"start":{"line":56,"column":0},"end":{"line":56,"column":null}},{"start":{"line":57,"column":0},"end":{"line":58,"column":null}},{"start":{"line":59,"column":0},"end":{"line":59,"column":null}},{"start":{"line":60,"column":0},"end":{"line":61,"column":null}},{"start":{"line":62,"column":0},"end":{"line":62,"column":null}},{"start":{"line":63,"column":0},"end":{"line":63,"column":null}},{"start":{"line":64,"column":0},"end":{"line":64,"column":null}},{"start":{"line":65,"column":0},"end":{"line":65,"column":null}},{"start":{"line":66,"column":0},"end":{"line":66,"column":null}},{"start":{"line":67,"column":0},"end":{"line":67,"column":null}},{"start":{"line":68,"column":0},"end":{"line":68,"column":null}},{"start":{"line":69,"column":0},"end":{"line":69,"column":null}},{"start":{"line":70,"column":0},"end":{"line":71,"column":null}},{"start":{"line":72,"column":0},"end":{"line":73,"column":null}}]}},"s":{"0":1,"1":1,"2":6,"3":83,"4":100,"5":1,"6":1,"7":1,"8":1,"9":2,"10":2,"11":2,"12":0,"13":10,"14":80},"f":{"0":6,"1":83,"2":100},"b":{"0":[1,1,1,1,1,2,1,2,1,2,0,0,1,2,3,4,5,6,8,9,10,80]}}
,"/Users/sullis7/Documents/Projects/Personal/vue-keyboard/src/components/KeyboardDisplay.vue": {"path":"/Users/sullis7/Documents/Projects/Personal/vue-keyboard/src/components/KeyboardDisplay.vue","statementMap":{"0":{"start":{"line":30,"column":0},"end":{"line":30,"column":null}},"1":{"start":{"line":31,"column":0},"end":{"line":31,"column":null}},"2":{"start":{"line":33,"column":0},"end":{"line":33,"column":null}},"3":{"start":{"line":43,"column":0},"end":{"line":43,"column":null}},"4":{"start":{"line":51,"column":0},"end":{"line":51,"column":null}},"5":{"start":{"line":54,"column":0},"end":{"line":54,"column":null}},"6":{"start":{"line":55,"column":0},"end":{"line":55,"column":null}},"7":{"start":{"line":58,"column":0},"end":{"line":58,"column":null}},"8":{"start":{"line":59,"column":0},"end":{"line":69,"column":null}},"9":{"start":{"line":60,"column":0},"end":{"line":66,"column":null}},"10":{"start":{"line":61,"column":0},"end":{"line":61,"column":null}},"11":{"start":{"line":62,"column":0},"end":{"line":62,"column":null}},"12":{"start":{"line":64,"column":0},"end":{"line":64,"column":null}},"13":{"start":{"line":65,"column":0},"end":{"line":65,"column":null}},"14":{"start":{"line":68,"column":0},"end":{"line":68,"column":null}},"15":{"start":{"line":70,"column":0},"end":{"line":70,"column":null}},"16":{"start":{"line":72,"column":0},"end":{"line":76,"column":null}},"17":{"start":{"line":73,"column":0},"end":{"line":73,"column":null}},"18":{"start":{"line":79,"column":0},"end":{"line":79,"column":null}}},"fnMap":{"0":{"name":"(anonymous_1)","decl":{"start":{"line":43,"column":0},"end":{"line":43,"column":null}},"loc":{"start":{"line":43,"column":0},"end":{"line":43,"column":null}}},"1":{"name":"(anonymous_2)","decl":{"start":{"line":50,"column":0},"end":{"line":50,"column":null}},"loc":{"start":{"line":50,"column":0},"end":{"line":77,"column":null}}},"2":{"name":"(anonymous_3)","decl":{"start":{"line":55,"column":0},"end":{"line":55,"column":null}},"loc":{"start":{"line":55,"column":0},"end":{"line":55,"column":null}}},"3":{"name":"(anonymous_4)","decl":{"start":{"line":78,"column":0},"end":{"line":78,"column":null}},"loc":{"start":{"line":78,"column":0},"end":{"line":80,"column":null}}}},"branchMap":{"0":{"loc":{"start":{"line":59,"column":0},"end":{"line":69,"column":null}},"type":"if","locations":[{"start":{"line":59,"column":0},"end":{"line":69,"column":null}},{"start":{"line":59,"column":0},"end":{"line":69,"column":null}}]},"1":{"loc":{"start":{"line":60,"column":0},"end":{"line":66,"column":null}},"type":"if","locations":[{"start":{"line":60,"column":0},"end":{"line":66,"column":null}},{"start":{"line":60,"column":0},"end":{"line":66,"column":null}}]},"2":{"loc":{"start":{"line":72,"column":0},"end":{"line":76,"column":null}},"type":"if","locations":[{"start":{"line":72,"column":0},"end":{"line":76,"column":null}},{"start":{"line":72,"column":0},"end":{"line":76,"column":null}}]}},"s":{"0":1,"1":1,"2":1,"3":1,"4":0,"5":0,"6":0,"7":0,"8":0,"9":0,"10":0,"11":0,"12":0,"13":0,"14":0,"15":0,"16":0,"17":0,"18":0},"f":{"0":1,"1":0,"2":0,"3":0},"b":{"0":[0,0],"1":[0,0],"2":[0,0]}}
,"/Users/sullis7/Documents/Projects/Personal/vue-keyboard/src/components/helperKeys.ts": {"path":"/Users/sullis7/Documents/Projects/Personal/vue-keyboard/src/components/helperKeys.ts","statementMap":{"0":{"start":{"line":1,"column":22},"end":{"line":1,"column":null}},"1":{"start":{"line":108,"column":33},"end":{"line":108,"column":39}},"2":{"start":{"line":109,"column":17},"end":{"line":109,"column":23}},"3":{"start":{"line":112,"column":30},"end":{"line":112,"column":36}},"4":{"start":{"line":113,"column":17},"end":{"line":113,"column":23}},"5":{"start":{"line":116,"column":31},"end":{"line":116,"column":37}},"6":{"start":{"line":117,"column":17},"end":{"line":117,"column":23}},"7":{"start":{"line":120,"column":31},"end":{"line":120,"column":37}},"8":{"start":{"line":121,"column":17},"end":{"line":121,"column":23}},"9":{"start":{"line":125,"column":33},"end":{"line":125,"column":39}},"10":{"start":{"line":126,"column":17},"end":{"line":126,"column":23}},"11":{"start":{"line":130,"column":30},"end":{"line":130,"column":36}},"12":{"start":{"line":131,"column":17},"end":{"line":131,"column":23}},"13":{"start":{"line":135,"column":30},"end":{"line":135,"column":null}}},"fnMap":{"0":{"name":"(anonymous_0)","decl":{"start":{"line":109,"column":2},"end":{"line":109,"column":3}},"loc":{"start":{"line":109,"column":17},"end":{"line":109,"column":23}}},"1":{"name":"(anonymous_1)","decl":{"start":{"line":113,"column":2},"end":{"line":113,"column":3}},"loc":{"start":{"line":113,"column":17},"end":{"line":113,"column":23}}},"2":{"name":"(anonymous_2)","decl":{"start":{"line":117,"column":2},"end":{"line":117,"column":3}},"loc":{"start":{"line":117,"column":17},"end":{"line":117,"column":23}}},"3":{"name":"(anonymous_3)","decl":{"start":{"line":121,"column":2},"end":{"line":121,"column":3}},"loc":{"start":{"line":121,"column":17},"end":{"line":121,"column":23}}},"4":{"name":"(anonymous_4)","decl":{"start":{"line":126,"column":2},"end":{"line":126,"column":3}},"loc":{"start":{"line":126,"column":17},"end":{"line":126,"column":23}}},"5":{"name":"(anonymous_5)","decl":{"start":{"line":131,"column":2},"end":{"line":131,"column":3}},"loc":{"start":{"line":131,"column":17},"end":{"line":131,"column":23}}}},"branchMap":{},"s":{"0":1,"1":1,"2":15,"3":1,"4":15,"5":1,"6":15,"7":1,"8":14,"9":1,"10":14,"11":1,"12":10,"13":1},"f":{"0":15,"1":15,"2":15,"3":14,"4":14,"5":10},"b":{}}
}
