TN:
SF:/Users/sullis7/Documents/Projects/Personal/vue-keyboard/src/components/KeyDisplay.vue
FN:35,(anonymous_1)
FN:39,(anonymous_2)
FN:40,(anonymous_3)
FNF:3
FNH:3
FNDA:6,(anonymous_1)
FNDA:83,(anonymous_2)
FNDA:100,(anonymous_3)
DA:25,1
DA:26,1
DA:35,6
DA:39,83
DA:41,100
DA:43,1
DA:45,1
DA:47,1
DA:49,1
DA:52,2
DA:55,2
DA:58,2
DA:61,0
DA:71,10
DA:73,80
LF:15
LH:14
BRDA:42,0,0,1
BRDA:42,0,1,1
BRDA:42,0,2,1
BRDA:42,0,3,1
BRDA:42,0,4,1
BRDA:42,0,5,2
BRDA:42,0,6,1
BRDA:42,0,7,2
BRDA:42,0,8,1
BRDA:42,0,9,2
BRDA:42,0,10,0
BRDA:42,0,11,0
BRDA:42,0,12,1
BRDA:42,0,13,2
BRDA:42,0,14,3
BRDA:42,0,15,4
BRDA:42,0,16,5
BRDA:42,0,17,6
BRDA:42,0,18,8
BRDA:42,0,19,9
BRDA:42,0,20,10
BRDA:42,0,21,80
BRF:22
BRH:20
end_of_record
TN:
SF:/Users/sullis7/Documents/Projects/Personal/vue-keyboard/src/components/KeyboardDisplay.vue
FN:43,(anonymous_1)
FN:50,(anonymous_2)
FN:55,(anonymous_3)
FN:78,(anonymous_4)
FNF:4
FNH:1
FNDA:1,(anonymous_1)
FNDA:0,(anonymous_2)
FNDA:0,(anonymous_3)
FNDA:0,(anonymous_4)
DA:30,1
DA:31,1
DA:33,1
DA:43,1
DA:51,0
DA:54,0
DA:55,0
DA:58,0
DA:59,0
DA:60,0
DA:61,0
DA:62,0
DA:64,0
DA:65,0
DA:68,0
DA:70,0
DA:72,0
DA:73,0
DA:79,0
LF:19
LH:4
BRDA:59,0,0,0
BRDA:59,0,1,0
BRDA:60,1,0,0
BRDA:60,1,1,0
BRDA:72,2,0,0
BRDA:72,2,1,0
BRF:6
BRH:0
end_of_record
TN:
SF:/Users/sullis7/Documents/Projects/Personal/vue-keyboard/src/components/helperKeys.ts
FN:109,(anonymous_0)
FN:113,(anonymous_1)
FN:117,(anonymous_2)
FN:121,(anonymous_3)
FN:126,(anonymous_4)
FN:131,(anonymous_5)
FNF:6
FNH:6
FNDA:15,(anonymous_0)
FNDA:15,(anonymous_1)
FNDA:15,(anonymous_2)
FNDA:14,(anonymous_3)
FNDA:14,(anonymous_4)
FNDA:10,(anonymous_5)
DA:1,1
DA:108,1
DA:109,15
DA:112,1
DA:113,15
DA:116,1
DA:117,15
DA:120,1
DA:121,14
DA:125,1
DA:126,14
DA:130,1
DA:131,10
DA:135,1
LF:14
LH:14
BRF:0
BRH:0
end_of_record
